2021-07-13 21:03:15,626 [Worker-6: Loading available Gradle versions] INFO  o.e.b.c.i.u.g.PublishedGradleVersions - Gradle version information cache is up-to-date. Trying to read.
2021-07-14 12:21:15,463 [Worker-3: Loading available Gradle versions] INFO  o.e.b.c.i.u.g.PublishedGradleVersions - Gradle version information cache is up-to-date. Trying to read.
2021-07-14 12:26:27,961 [Worker-26: Updating Maven Dependencies] INFO  o.e.m.c.i.l.LifecycleMappingFactory - Using org.eclipse.m2e.jdt.JarLifecycleMapping lifecycle mapping for MavenProject: rahushettyacademy.com:maven-selenium-java:0.0.1-SNAPSHOT @ C:\Users\harip\eclipse-workspace1\GitDemo\pom.xml.
2021-07-14 12:26:27,961 [Worker-25: Building] INFO  o.e.m.c.i.l.LifecycleMappingFactory - Using org.eclipse.m2e.jdt.JarLifecycleMapping lifecycle mapping for MavenProject: rahushettyacademy.com:maven-selenium-java:0.0.1-SNAPSHOT @ C:\Users\harip\eclipse-workspace1\GitDemo\pom.xml.
2021-07-14 12:26:30,993 [Worker-25: Building] INFO  o.e.m.c.i.embedder.EclipseLogger - Using 'UTF-8' encoding to copy filtered resources.
2021-07-14 12:26:30,995 [Worker-25: Building] INFO  o.e.m.c.i.embedder.EclipseLogger - skip non existing resourceDirectory C:\Users\harip\eclipse-workspace1\GitDemo\src\main\resources
2021-07-14 12:26:31,005 [Worker-25: Building] INFO  o.e.m.c.i.embedder.EclipseLogger - Using 'UTF-8' encoding to copy filtered resources.
2021-07-14 12:26:31,005 [Worker-25: Building] INFO  o.e.m.c.i.embedder.EclipseLogger - skip non existing resourceDirectory C:\Users\harip\eclipse-workspace1\GitDemo\src\test\resources
2021-07-14 12:26:33,991 [Worker-25: Updating Maven Dependencies] INFO  o.e.m.c.i.l.LifecycleMappingFactory - Using org.eclipse.m2e.jdt.JarLifecycleMapping lifecycle mapping for MavenProject: rahushettyacademy.com:maven-selenium-java:0.0.1-SNAPSHOT @ C:\Users\harip\eclipse-workspace1\GitDemo\pom.xml.
2021-07-14 12:26:34,015 [Worker-30: Building] INFO  o.e.m.c.i.embedder.EclipseLogger - Using 'UTF-8' encoding to copy filtered resources.
2021-07-14 12:26:34,015 [Worker-30: Building] INFO  o.e.m.c.i.embedder.EclipseLogger - skip non existing resourceDirectory C:\Users\harip\eclipse-workspace1\GitDemo\src\main\resources
2021-07-14 12:26:34,023 [Worker-30: Building] INFO  o.e.m.c.i.embedder.EclipseLogger - Using 'UTF-8' encoding to copy filtered resources.
2021-07-14 12:26:34,023 [Worker-30: Building] INFO  o.e.m.c.i.embedder.EclipseLogger - skip non existing resourceDirectory C:\Users\harip\eclipse-workspace1\GitDemo\src\test\resources
2021-07-14 12:26:36,606 [Worker-30: Building] INFO  o.e.m.c.i.embedder.EclipseLogger - Using 'UTF-8' encoding to copy filtered resources.
2021-07-14 12:26:36,607 [Worker-30: Building] INFO  o.e.m.c.i.embedder.EclipseLogger - skip non existing resourceDirectory C:\Users\harip\eclipse-workspace1\GitDemo\src\main\resources
2021-07-14 12:26:36,614 [Worker-30: Building] INFO  o.e.m.c.i.embedder.EclipseLogger - Using 'UTF-8' encoding to copy filtered resources.
2021-07-14 12:26:36,615 [Worker-30: Building] INFO  o.e.m.c.i.embedder.EclipseLogger - skip non existing resourceDirectory C:\Users\harip\eclipse-workspace1\GitDemo\src\test\resources
2021-07-14 12:35:25,237 [Worker-24: Building] INFO  o.e.m.c.i.embedder.EclipseLogger - Using 'UTF-8' encoding to copy filtered resources.
2021-07-14 12:35:25,238 [Worker-24: Building] INFO  o.e.m.c.i.embedder.EclipseLogger - skip non existing resourceDirectory C:\Users\harip\eclipse-workspace1\GitDemo\src\main\resources
2021-07-14 12:35:25,242 [Worker-24: Building] INFO  o.e.m.c.i.embedder.EclipseLogger - Using 'UTF-8' encoding to copy filtered resources.
2021-07-14 12:35:25,243 [Worker-24: Building] INFO  o.e.m.c.i.embedder.EclipseLogger - skip non existing resourceDirectory C:\Users\harip\eclipse-workspace1\GitDemo\src\test\resources
2021-07-14 12:35:26,301 [Worker-24: Building] INFO  o.e.m.c.i.embedder.EclipseLogger - Using 'UTF-8' encoding to copy filtered resources.
2021-07-14 12:35:26,302 [Worker-24: Building] INFO  o.e.m.c.i.embedder.EclipseLogger - skip non existing resourceDirectory C:\Users\harip\eclipse-workspace1\GitDemo\src\main\resources
2021-07-14 12:35:26,305 [Worker-24: Building] INFO  o.e.m.c.i.embedder.EclipseLogger - Using 'UTF-8' encoding to copy filtered resources.
2021-07-14 12:35:26,306 [Worker-24: Building] INFO  o.e.m.c.i.embedder.EclipseLogger - skip non existing resourceDirectory C:\Users\harip\eclipse-workspace1\GitDemo\src\test\resources
2021-07-14 12:35:37,355 [Worker-32: Building] INFO  o.e.m.c.i.embedder.EclipseLogger - Using 'UTF-8' encoding to copy filtered resources.
2021-07-14 12:35:37,356 [Worker-32: Building] INFO  o.e.m.c.i.embedder.EclipseLogger - skip non existing resourceDirectory C:\Users\harip\eclipse-workspace1\GitDemo\src\main\resources
2021-07-14 12:35:37,359 [Worker-32: Building] INFO  o.e.m.c.i.embedder.EclipseLogger - Using 'UTF-8' encoding to copy filtered resources.
2021-07-14 12:35:37,360 [Worker-32: Building] INFO  o.e.m.c.i.embedder.EclipseLogger - skip non existing resourceDirectory C:\Users\harip\eclipse-workspace1\GitDemo\src\test\resources
2021-07-14 13:31:29,074 [Worker-32: Building] INFO  o.e.m.c.i.embedder.EclipseLogger - Using 'UTF-8' encoding to copy filtered resources.
2021-07-14 13:31:29,076 [Worker-32: Building] INFO  o.e.m.c.i.embedder.EclipseLogger - skip non existing resourceDirectory C:\Users\harip\eclipse-workspace1\GitDemo\src\main\resources
2021-07-14 13:31:29,080 [Worker-32: Building] INFO  o.e.m.c.i.embedder.EclipseLogger - Using 'UTF-8' encoding to copy filtered resources.
2021-07-14 13:31:29,081 [Worker-32: Building] INFO  o.e.m.c.i.embedder.EclipseLogger - skip non existing resourceDirectory C:\Users\harip\eclipse-workspace1\GitDemo\src\test\resources
2021-07-14 13:33:40,126 [Worker-37: Building] INFO  o.e.m.c.i.embedder.EclipseLogger - Using 'UTF-8' encoding to copy filtered resources.
2021-07-14 13:33:40,128 [Worker-37: Building] INFO  o.e.m.c.i.embedder.EclipseLogger - skip non existing resourceDirectory C:\Users\harip\eclipse-workspace1\GitDemo\src\main\resources
2021-07-14 13:33:40,133 [Worker-37: Building] INFO  o.e.m.c.i.embedder.EclipseLogger - Using 'UTF-8' encoding to copy filtered resources.
2021-07-14 13:33:40,134 [Worker-37: Building] INFO  o.e.m.c.i.embedder.EclipseLogger - skip non existing resourceDirectory C:\Users\harip\eclipse-workspace1\GitDemo\src\test\resources
2021-07-14 13:54:36,534 [Worker-43: Building] INFO  o.e.m.c.i.embedder.EclipseLogger - Using 'UTF-8' encoding to copy filtered resources.
2021-07-14 13:54:36,535 [Worker-43: Building] INFO  o.e.m.c.i.embedder.EclipseLogger - skip non existing resourceDirectory C:\Users\harip\eclipse-workspace1\GitDemo\src\main\resources
2021-07-14 13:54:36,538 [Worker-43: Building] INFO  o.e.m.c.i.embedder.EclipseLogger - Using 'UTF-8' encoding to copy filtered resources.
2021-07-14 13:54:36,539 [Worker-43: Building] INFO  o.e.m.c.i.embedder.EclipseLogger - skip non existing resourceDirectory C:\Users\harip\eclipse-workspace1\GitDemo\src\test\resources
2021-07-14 13:54:44,180 [Worker-44: Building] INFO  o.e.m.c.i.embedder.EclipseLogger - Using 'UTF-8' encoding to copy filtered resources.
2021-07-14 13:54:44,180 [Worker-44: Building] INFO  o.e.m.c.i.embedder.EclipseLogger - skip non existing resourceDirectory C:\Users\harip\eclipse-workspace1\GitDemo\src\main\resources
2021-07-14 13:54:44,182 [Worker-44: Building] INFO  o.e.m.c.i.embedder.EclipseLogger - Using 'UTF-8' encoding to copy filtered resources.
2021-07-14 13:54:44,183 [Worker-44: Building] INFO  o.e.m.c.i.embedder.EclipseLogger - skip non existing resourceDirectory C:\Users\harip\eclipse-workspace1\GitDemo\src\test\resources
2021-07-14 13:59:14,311 [Worker-45: Building] INFO  o.e.m.c.i.embedder.EclipseLogger - Using 'UTF-8' encoding to copy filtered resources.
2021-07-14 13:59:14,311 [Worker-45: Building] INFO  o.e.m.c.i.embedder.EclipseLogger - skip non existing resourceDirectory C:\Users\harip\eclipse-workspace1\GitDemo\src\main\resources
2021-07-14 13:59:14,314 [Worker-45: Building] INFO  o.e.m.c.i.embedder.EclipseLogger - Using 'UTF-8' encoding to copy filtered resources.
2021-07-14 13:59:14,314 [Worker-45: Building] INFO  o.e.m.c.i.embedder.EclipseLogger - skip non existing resourceDirectory C:\Users\harip\eclipse-workspace1\GitDemo\src\test\resources
2021-07-14 14:22:35,018 [Worker-39: Building] INFO  o.e.m.c.i.embedder.EclipseLogger - Using 'UTF-8' encoding to copy filtered resources.
2021-07-14 14:22:35,018 [Worker-39: Building] INFO  o.e.m.c.i.embedder.EclipseLogger - skip non existing resourceDirectory C:\Users\harip\eclipse-workspace1\GitDemo\src\main\resources
2021-07-14 14:22:35,021 [Worker-39: Building] INFO  o.e.m.c.i.embedder.EclipseLogger - Using 'UTF-8' encoding to copy filtered resources.
